1535556339216	geckodriver	INFO	geckodriver 0.21.0
1535556339402	geckodriver	INFO	Listening on 127.0.0.1:51395
1535556342338	mozrunner::runner	INFO	Running command: "C:\\Program Files (x86)\\Mozilla Firefox\\firefox.exe" "-marionette" "-foreground" "-no-remote" "-profile" "C:\\Users\\hgdgf\\AppData\\Local\\Temp\\rust_mozprofile.YTE945vSg3RS"
1535556346371	Marionette	INFO	Listening on port 51406
1535556346754	Marionette	WARN	TLS certificate errors will be ignored for this session
Unable to read VR Path Registry from C:\Users\hgdgf\AppData\Local\openvr\openvrpaths.vrpath
[Parent 8512, Gecko_IOThread] WARNING: pipe error: 109: file z:/build/build/src/ipc/chromium/src/chrome/common/ipc_channel_win.cc, line 346
Unable to read VR Path Registry from C:\Users\hgdgf\AppData\Local\openvr\openvrpaths.vrpath
[Child 2268, Chrome_ChildThread] WARNING: pipe error: 109: file z:/build/build/src/ipc/chromium/src/chrome/common/ipc_channel_win.cc, line 346
[Child 2268, Chrome_ChildThread] WARNING: pipe error: 109: file z:/build/build/src/ipc/chromium/src/chrome/common/ipc_channel_win.cc, line 346
[Parent 8512, Gecko_IOThread] WARNING: pipe error: 109: file z:/build/build/src/ipc/chromium/src/chrome/common/ipc_channel_win.cc, line 346
Unable to read VR Path Registry from C:\Users\hgdgf\AppData\Local\openvr\openvrpaths.vrpath
[Child 8272, Chrome_ChildThread] WARNING: pipe error: 109: file z:/build/build/src/ipc/chromium/src/chrome/common/ipc_channel_win.cc, line 346
[Child 8272, Chrome_ChildThread] WARNING: pipe error: 109: file z:/build/build/src/ipc/chromium/src/chrome/common/ipc_channel_win.cc, line 346
[Parent 8512, Gecko_IOThread] WARNING: pipe error: 109: file z:/build/build/src/ipc/chromium/src/chrome/common/ipc_channel_win.cc, line 346
*** UTM:SVC TimerManager:registerTimer called after profile-before-change notification. Ignoring timer registration for id: telemetry_modules_ping
Unable to read VR Path Registry from C:\Users\hgdgf\AppData\Local\openvr\openvrpaths.vrpath
[GPU 7764, Chrome_ChildThread] WARNING: pipe error: 109: file z:/build/build/src/ipc/chromium/src/chrome/common/ipc_channel_win.cc, line 346

###!!! [Child][MessageChannel::SendAndWait] Error: Channel error: cannot send/recv


KLIB_SelfTest return : KLR_OK
1535556960275	geckodriver	INFO	geckodriver 0.21.0
1535556960417	geckodriver	INFO	Listening on 127.0.0.1:51650
1535556963324	mozrunner::runner	INFO	Running command: "C:\\Program Files (x86)\\Mozilla Firefox\\firefox.exe" "-marionette" "-foreground" "-no-remote" "-profile" "C:\\Users\\hgdgf\\AppData\\Local\\Temp\\rust_mozprofile.e6cLHtjpOEGm"
1535556966329	Marionette	INFO	Listening on port 51659
1535556966670	Marionette	WARN	TLS certificate errors will be ignored for this session
Unable to read VR Path Registry from C:\Users\hgdgf\AppData\Local\openvr\openvrpaths.vrpath
[Child 9168, Chrome_ChildThread] WARNING: pipe error: 109: file z:/build/build/src/ipc/chromium/src/chrome/common/ipc_channel_win.cc, line 346
[Child 9168, Chrome_ChildThread] WARNING: pipe error: 109: file z:/build/build/src/ipc/chromium/src/chrome/common/ipc_channel_win.cc, line 346
Unable to read VR Path Registry from C:\Users\hgdgf\AppData\Local\openvr\openvrpaths.vrpath
[Child 8580, Chrome_ChildThread] WARNING: pipe error: 109: file z:/build/build/src/ipc/chromium/src/chrome/common/ipc_channel_win.cc, line 346
Unable to read VR Path Registry from C:\Users\hgdgf\AppData\Local\openvr\openvrpaths.vrpath
[Child 7260, Chrome_ChildThread] WARNING: pipe error: 109: file z:/build/build/src/ipc/chromium/src/chrome/common/ipc_channel_win.cc, line 346
Unable to read VR Path Registry from C:\Users\hgdgf\AppData\Local\openvr\openvrpaths.vrpath
[Parent 8484, Gecko_IOThread] WARNING: file z:/build/build/src/ipc/chromium/src/base/process_util_win.cc, line 188
*** UTM:SVC TimerManager:registerTimer called after profile-before-change notification. Ignoring timer registration for id: telemetry_modules_ping
Unable to read VR Path Registry from C:\Users\hgdgf\AppData\Local\openvr\openvrpaths.vrpath
[GPU 1644, Chrome_ChildThread] WARNING: pipe error: 109: file z:/build/build/src/ipc/chromium/src/chrome/common/ipc_channel_win.cc, line 346

KLIB_SelfTest return : KLR_OK
1535557135005	geckodriver	INFO	geckodriver 0.21.0
1535557135147	geckodriver	INFO	Listening on 127.0.0.1:51717
1535557138088	mozrunner::runner	INFO	Running command: "C:\\Program Files (x86)\\Mozilla Firefox\\firefox.exe" "-marionette" "-foreground" "-no-remote" "-profile" "C:\\Users\\hgdgf\\AppData\\Local\\Temp\\rust_mozprofile.DWdfwkvdfop9"
1535557141117	Marionette	INFO	Listening on port 51725
1535557141384	Marionette	WARN	TLS certificate errors will be ignored for this session
Unable to read VR Path Registry from C:\Users\hgdgf\AppData\Local\openvr\openvrpaths.vrpath
[Parent 6204, Gecko_IOThread] WARNING: pipe error: 109: file z:/build/build/src/ipc/chromium/src/chrome/common/ipc_channel_win.cc, line 346
[Parent 6204, Gecko_IOThread] WARNING: pipe error: 109: file z:/build/build/src/ipc/chromium/src/chrome/commo1535557291402	Marionette	INFO	Listening on port 51811
1535557291611	Marionette	WARN	TLS certificate errors will be ignored for this session
Unable to read VR Path Registry from C:\Users\hgdgf\AppData\Local\openvr\openvrpaths.vrpath
[Child 8144, Chrome_ChildThread] WARNING: pipe error: 109: file z:/build/build/src/ipc/chromium/src/chrome/common/ipc_channel_win.cc, line 346
Unable to read VR Path Registry from C:\Users\hgdgf\AppData\Local\openvr\openvrpaths.vrpath
[Parent 2296, Gecko_IOThread] WARNING: pipe error: 109: file z:/build/build/src/ipc/chromium/src/chrome/common/ipc_channel_win.cc, line 346
Unable to read VR Path Registry from C:\Users\hgdgf\AppData\Local\openvr\openvrpaths.vrpath
[Child 9072, Chrome_ChildThread] WARNING: pipe error: 109: file z:/build/build/src/ipc/chromium/src/chrome/common/ipc_channel_win.cc, line 346
[Parent 2296, Gecko_IOThread] WARNING: pipe error: 109: file z:/build/build/src/ipc/chromium/src/chrome/common/ipc_channel_win.cc, line 346
Unable to read VR Path Registry from C:\Users\hgdgf\AppData\Local\openvr\openvrpaths.vrpath
[Child 8628, Chrome_ChildThread] WARNING: pipe error: 109: file z:/build/build/src/ipc/chromium/src/chrome/common/ipc_channel_win.cc, line 346
*** UTM:SVC TimerManager:registerTimer called after profile-before-change notification. Ignoring timer registration for id: telemetry_modules_ping
Unable to read VR Path Registry from C:\Users\hgdgf\AppData\Local\openvr\openvrpaths.vrpath
[GPU 8400, Chrome_ChildThread] WARNING: pipe error: 109: file z:/build/build/src/ipc/chromium/src/chrome/common/ipc_channel_win.cc, line 346

###!!! [Child][MessageChannel::SendAndWait] Error: Channel error: cannot send/recv


KLIB_SelfTest return : KLR_OK
1535557318595	geckodriver	INFO	geckodriver 0.21.0
1535557318736	geckodriver	INFO	Listening on 127.0.0.1:51866
1535557321650	mozrunner::runner	INFO	Running command: "C:\\Program Files (x86)\\Mozilla Firefox\\firefox.exe" "-marionette" "-foreground" "-no-remote" "-profile" "C:\\Users\\hgdgf\\AppData\\Local\\Temp\\rust_mozprofile.G1jvPaTqTPkc"
1535557324673	Marionette	INFO	Listening on port 51874
1535557325023	Marionette	WARN	TLS certificate errors will be ignored for this session
Unable to read VR Path Registry from C:\Users\hgdgf\AppData\Local\openvr\openvrpaths.vrpath
[Child 9040, Chrome_ChildThread] WARNING: pipe error: 109: file z:/build/build/src/ipc/chromium/src/chrome/common/ipc_channel_win.cc, line 346
[Child 9040, Chrome_ChildThread] WARNING: pipe error: 109: file z:/build/build/src/ipc/chromium/src/chrome/common/ipc_channel_win.cc, line 346

###!!! [Parent][MessageChannel] Error: (msgtype=0x130011,name=PBackgroundStorage::Msg_Observe) Channel error: cannot send/recv

Unable to read VR Path Registry from C:\Users\hgdgf\AppData\Local\openvr\openvrpaths.vrpath
[Child 9068, Chrome_ChildThread] WARNING: pipe error: 109: file z:/build/build/src/ipc/chromium/src/chrome/common/ipc_channel_win.cc, line 346
[Child 9068, Chrome_ChildThread] WARNING: pipe error: 109: file z:/build/build/src/ipc/chromium/src/chrome/common/ipc_channel_win.cc, line 346
Unable to read VR Path Registry from C:\Users\hgdgf\AppData\Local\openvr\openvrpaths.vrpath
[Parent 8476, Gecko_IOThread] WARNING: file z:/build/build/src/ipc/chromium/src/base/process_util_win.cc, line 188
*** UTM:SVC TimerManager:registerTimer called after profile-before-change notification. Ignoring timer registration for id: telemetry_modules_ping
Unable to read VR Path Registry from C:\Users\hgdgf\AppData\Local\openvr\openvrpaths.vrpath
[GPU 8860, Chrome_ChildThread] WARNING: pipe error: 109: file z:/build/build/src/ipc/chromium/src/chrome/common/ipc_channel_win.cc, line 346

###!!! [Child][MessageChannel::SendAndWait] Error: Channel error: cannot send/recv


KLIB_SelfTest return : KLR_OK
1535557574850	geckodriver	INFO	geckodriver 0.21.0
1535557575009	geckodriver	INFO	Listening on 127.0.0.1:51960
1535557577930	mozrunner::runner	INFO	Running command: "C:\\Program Files (x86)\\Mozilla Firefox\\firefox.exe" "-marionette" "-foreground" "-no-remote" "-profile" "C:\\Users\\hgdgf\\AppData\\Local\\Temp\\rust_mozprofile.nMRimnqAK8CO"
1535557580967	Marionette	INFO	Listening on port 51968
1535557581155	Marionette	WARN	TLS certificate errors will be ignored for this session
Unable to read VR Path Registry from C:\Users\hgdgf\AppData\Local\openvr\openvrpaths.vrpath
[Child 7580, Chrome_ChildThread] WARNING: pipe error: 109: file z:/build/build/src/ipc/chromium/src/chrome/common/ipc_channel_win.cc, line 346
Unable to read VR Path Registry from C:\Users\hgdgf\AppData\Local\openvr\openvrpaths.vrpath
[Child 7736, Chrome_ChildThread] WARNING: pipe error: 109: file z:/build/build/src/ipc/chromium/src/chrome/common/ipc_channel_win.cc, line 346
[Child 7736Unable to read VR Path Registry from C:\Users\hgdgf\AppData\Local\openvr\openvrpaths.vrpath
[Child 1972, Chrome_ChildThread] WARNING: pipe error: 109: file z:/build/build/src/ipc/chromium/src/chrome/common/ipc_channel_win.cc, line 346
Unable to read VR Path Registry from C:\Users\hgdgf\AppData\Local\openvr\openvrpaths.vrpath
[Child 3088, Chrome_ChildThread] WARNING: pipe error: 109: file z:/build/build/src/ipc/chromium/src/chrome/common/ipc_channel_win.cc, line 346
[Child 3088, Chrome_ChildThread] WARNING: pipe error: 109: file z:/build/build/src/ipc/chromium/src/chrome/common/ipc_channel_win.cc, line 346
Unable to read VR Path Registry from C:\Users\hgdgf\AppData\Local\openvr\openvrpaths.vrpath
[Parent 420, Gecko_IOThread] WARNING: pipe error: 109: file z:/build/build/src/ipc/chromium/src/chrome/common/ipc_channel_win.cc, line 346
Unable to read VR Path Registry from C:\Users\hgdgf\AppData\Local\openvr\openvrpaths.vrpath
[Child 7480, Chrome_ChildThread] WARNING: pipe error: 109: file z:/build/build/src/ipc/chromium/src/chrome/common/ipc_channel_win.cc, line 346
[Child 7480, Chrome_ChildThread] WARNING: pipe error: 109: file z:/build/build/src/ipc/chromium/src/chrome/common/ipc_channel_win.cc, line 346
*** UTM:SVC TimerManager:registerTimer called after profile-before-change notification. Ignoring timer registration for id: telemetry_modules_ping
Unable to read VR Path Registry from C:\Users\hgdgf\AppData\Local\openvr\openvrpaths.vrpath
[GPU 5284, Chrome_ChildThread] WARNING: pipe error: 109: file z:/build/build/src/ipc/chromium/src/chrome/common/ipc_channel_win.cc, line 346

###!!! [Child][MessageChannel::SendAndWait] Error: Channel error: cannot send/recv


KLIB_SelfTest return : KLR_OK
1535557894590	geckodriver	INFO	geckodriver 0.21.0
1535557894749	geckodriver	INFO	Listening on 127.0.0.1:52135
1535557897682	mozrunner::runner	INFO	Running command: "C:\\Program Files (x86)\\Mozilla Firefox\\firefox.exe" "-marionette" "-foreground" "-no-remote" "-profile" "C:\\Users\\hgdgf\\AppData\\Local\\Temp\\rust_mozprofile.6Zt5YMWxRr02"
1535557900467	Marionette	INFO	Listening on port 52144
1535557900510	Marionette	WARN	TLS certificate errors will be ignored for this session
Unable to read VR Path Registry from C:\Users\hgdgf\AppData\Local\openvr\openvrpaths.vrpath
[Child 7604, Chrome_ChildThread] WARNING: pipe error: 109: file z:/build/build/src/ipc/chromium/src/chrome/common/ipc_channel_win.cc, line 346
[Child 7604, Chrome_ChildThread] WARNING: pipe error: 109: file z:/build/build/src/ipc/chromium/src/chrome/common/ipc_channel_win.cc, line 346
Unable to read VR Path Registry from C:\Users\hgdgf\AppData\Local\openvr\openvrpaths.vrpath
[Child 8904, Chrome_ChildThread] WARNING: pipe error: 109: file z:/build/build/src/ipc/chromium/src/chrome/common/ipc_channel_win.cc, line 346
Unable to read VR Path Registry from C:\Users\hgdgf\AppData\Local\openvr\openvrpaths.vrpath
[Child 8284, Chrome_ChildThread] WARNING: pipe error: 109: file z:/build/build/src/ipc/chromium/src/chrome/common/ipc_channel_win.cc, line 346
[Child 8284, Chrome_ChildThread] WARNING: pipe error: 109: file z:/build/build/src/ipc/chromium/src/chrome/common/ipc_channel_win.cc, line 346
*** UTM:SVC TimerManager:registerTimer called after profile-before-change notification. Ignoring timer registration for id: telemetry_modules_ping
Unable to read VR Path Registry from C:\Users\hgdgf\AppData\Local\openvr\openvrpaths.vrpath
[GPU 4284, Chrome_ChildThread] WARNING: pipe error: 109: file z:/build/build/src/ipc/chromium/src/chrome/common/ipc_channel_win.cc, line 346

###!!! [Child][MessageChannel::SendAndWait] Error: Channel error: cannot send/recv


KLIB_SelfTest return : KLR_OK
Unable to read VR Path Registry from C:\Users\hgdgf\AppData\Local\openvr\openvrpaths.vrpath
1535558087583	geckodriver	INFO	geckodriver 0.21.0
1535558087728	geckodriver	INFO	Listening on 127.0.0.1:52215
1535558090675	mozrunner::runner	INFO	Running command: "C:\\Program Files (x86)\\Mozilla Firefox\\firefox.exe" "-marionette" "-foreground" "-no-remote" "-profile" "C:\\Users\\hgdgf\\AppData\\Local\\Temp\\rust_mozprofile.kOtie2Ge3b7Y"
1535558093478	Marionette	INFO	Listening on port 52223
1535558093935	Marionette	WARN	TLS certificate errors will be ignored for this session
Unable to read VR Path Registry from C:\Users\hgdgf\AppData\Local\openvr\openvrpaths.vrpath
[Child 5336, Chrome_ChildThread] WARNING: pipe error: 109: file z:/build/build/src/ipc/chromium/src/chrome/common/ipc_channel_win.cc, line 346
[Child 5336, Chrome_ChildThread] WARNING: pipe error: 109: file z:/build/build/src/ipc/chromium/src/chrome/common/ipc_channel_win.cc, line 346
Unable to read VR Path Registry from C:\Users\hgdgf\AppData\Local\openvr\openvrpaths.vrpath
[Child 9328, Chrome_ChildThread] WARNING: pipe error: 109: file z:/build/build/src/ipc/chromium/src/chrome/common/ipc_channel_win.cc, line 346
[Child 9328, Chrome_ChildThread] WARNING: pipe error: 109: file z:/build/build/src/ipc/chromium/src/chrome/common/ipc_channel_win.cc, line 346
Unable to read VR Path Registry from C:\Users\hgdgf\AppData\Local\openvr\openvrpaths.vrpath
[Child 8508, Chrome_ChildThread] WARNING: pipe error: 109: file z:/build/build/src/ipc/chromium/src/chrome/common/ipc_channel_win.cc, line 346
[Child 8508, Chrome_ChildThread] WARNING: pipe error: 109: file z:/build/build/src/ipc/chromium/src/chrome/common/ipc_channel_win.cc, line 346
*** UTM:SVC TimerManager:registerTimer called after profile-before-change notification. Ignoring timer registration for id: telemetry_modules_ping
Unable to read VR Path Registry from C:\Users\hgdgf\AppData\Local\openvr\openvrpaths.vrpath
[GPU 5016, Chrome_ChildThread] WARNING: pipe error: 109: file z:/build/build/src/ipc/chromium/src/chrome/common/ipc_channel_win.cc, line 346

###!!! [Child][MessageChannel::SendAndWait] Error: Channel error: cannot send/recv


KLIB_SelfTest return : KLR_OK
Unable to read VR Path Registry from C:\Users\hgdgf\AppData\Local\openvr\openvrpaths.vrpath
1535558170237	geckodriver	INFO	geckodriver 0.21.0
1535558170395	geckodriver	INFO	Listening on 127.0.0.1:52375
1535558173278	mozrunner::runner	INFO	Running command: "C:\\Program Files (x86)\\Mozilla Firefox\\firefox.exe" "-marionette" "-foreground" "-no-remote" "-profile" "C:\\Users\\hgdgf\\AppData\\Local\\Temp\\rust_mozprofile.3QPUPSai7sUs"
1535558176866	Marionette	INFO	Listening on port 52384
1535558177204	Marionette	WARN	TLS certificate errors will be ignored for this session
Unable to read VR Path Registry from C:\Users\hgdgf\AppData\Local\openvr\openvrpaths.vrpath
[Parent 8788, Gecko_IOThread] WARNING: pipe error: 109: file z:/build/build/src/ipc/chromium/src/chrome/common/ipc_channel_win.cc, line 346
Unable to read VR Path Registry from C:\Users\hgdgf\AppData\Local\openvr\openvrpaths.vrpath
[Child 9336, Chrome_ChildThread] WARNING: pipe error: 109: file z:/build/build/src/ipc/chromium/src/chrome/common/ipc_channel_win.cc, line 346
Unable to read VR Path Registry from C:\Users\hgdgf\AppData\Local\openvr\openvrpaths.vrpath
[Child 8240, Chrome_ChildThread] WARNING: pipe error: 109: file z:/build/build/src/ipc/chromium/src/chrome/common/ipc_channel_win.cc, line 346
[Child 8240, Chrome_ChildThread] WARNING: pipe error: 109: file z:/build/build/src/ipc/chromium/src/chrome/common/ipc_channel_win.cc, line 346
*** UTM:SVC TimerManager:registerTimer called after profile-before-change notification. Ignoring timer registration for id: telemetry_modules_ping
Unable to read VR Path Registry from C:\Users\hgdgf\AppData\Local\openvr\openvrpaths.vrpath
[GPU 8748, Chrome_ChildThread] WARNING: pipe error: 109: file z:/build/build/src/ipc/chromium/src/chrome/common/ipc_channel_win.cc, line 346

###!!! [Child][MessageChannel::SendAndWait] Error: Channel error: cannot send/recv


KLIB_SelfTest return : KLR_OK
1535558245051	geckodriver	INFO	geckodriver 0.21.0
1535558245197	geckodriver	INFO	Listening on 127.0.0.1:52446
1535558248148	mozrunner::runner	INFO	Running command: "C:\\Program Files (x86)\\Mozilla Firefox\\firefox.exe" "-marionette" "-foreground" "-no-remote" "-profile" "C:\\Users\\hgdgf\\AppData\\Local\\Temp\\rust_mozprofile.BRurVpFL1VNm"
1535558251097	Marionette	INFO	Listening on port 52455
1535558251407	Marionette	WARN	TLS certificate errors will be ignored for this session
Unable to read VR Path Registry from C:\Users\hgdgf\AppData\Local\openvr\openvrpaths.vrpath
[Child 9192, Chrome_ChildThread] WARNING: pipe error: 109: file z:/build/build/src/ipc/chromium/src/chrome/common/ipc_channel_win.cc, line 346
[Child 9192, Chrome_ChildThread] WARNING: pipe error: 109: file z:/build/build/src/ipc/chromium/src/chrome/common/ipc_channel_win.cc, line 346
Unable to read VR Path Registry from C:\Users\hgdgf\AppData\Local\openvr\openvrpaths.vrpath
[Child 8392, Chrome_ChildThread] WARNING: pipe error: 109: file z:/build/build/src/ipc/chromium/src/chrome/common/ipc_channel_win.cc, line 346
[Child 8392, Chrome_ChildThread] WARNING: pipe error: 109: file z:/build/build/src/ipc/chromium/src/chrome/common/ipc_channel_win.cc, line 346
Unable to read VR Path Registry from C:\Users\hgdgf\AppData\Local\openvr\openvrpaths.vrpath
[Child 4900, Chrome_ChildThread] WARNING: pipe error: 109: file z:/build/build/src/ipc/chromium/src/chrome/common/ipc_channel_win.cc, line 346
[Child 4900, Chrome_ChildThread] WARNING: pipe error: 109: file z:/build/build/src/ipc/chromium/src/chrome/common/ipc_channel_win.cc, line 346
*** UTM:SVC TimerManager:registerTimer called after profile-before-change notification. Ignoring timer registration for id: telemetry_modules_ping
Unable to read VR Path Registry from C:\Users\hgdgf\AppData\Local\openvr\openvrpaths.vrpath
[GPU 8564, Chrome_ChildThread] WARNING: pipe error: 109: file z:/build/build/src/ipc/chromium/src/chrome/common/ipc_channel_win.cc, line 346

###!!! [Child][MessageChannel::SendAndWait] Error: Channel error: cannot send/recv


KLIB_SelfTest return : KLR_OK
Unable to read VR Path Registry from C:\Users\hgdgf\AppData\Local\openvr\openvrpaths.vrpath
1536672353939	geckodriver	INFO	geckodriver 0.21.0
1536672354171	geckodriver	INFO	Listening on 127.0.0.1:51323
1536672357150	mozrunner::runner	INFO	Running command: "C:\\Program Files (x86)\\Mozilla Firefox\\firefox.exe" "-marionette" "-foreground" "-no-remote" "-profile" "C:\\Users\\hgdgf\\AppData\\Local\\Temp\\rust_mozprofile.Qi75Lbcn0X7x"
IPDL protocol error: Handler returned error code!

###!!! [Parent][DispatchAsyncMessage] Error: PLayerTransaction::Msg_ReleaseLayer Processing error: message was deserialized, but the handler returned false (indicating failure)

IPDL protocol error: Handler returned error code!

###!!! [Parent][DispatchAsyncMessage] Error: PLayerTransaction::Msg_ReleaseLayer Processing error: message was deserialized, but the handler returned false (indicating failure)

Unable to read VR Path Registry from C:\Users\hgdgf\AppData\Local\openvr\openvrpaths.vrpath
[Parent 928, Gecko_IOThread] WARNING: pipe error: 109: file z:/build/build/src/ipc/chromium/src/chrome/common/ipc_channel_win.cc, line 346
Unable to read VR Path Registry from C:\Users\hgdgf\AppData\Local\openvr\openvrpaths.vrpath
[Child 7396, Chrome_ChildThread] WARNING: pipe error: 109: file z:/build/build/src/ipc/chromium/src/chrome/common/ipc_channel_win.cc, line 346
1536672402256	Marionette	INFO	Listening on port 51333
1536672402409	Marionette	WARN	TLS certificate errors will be ignored for this session
[Parent 928, Gecko_IOThread] WARNING: pipe error: 109: file z:/build/build/src/ipc/chromium/src/chrome/common/ipc_channel_win.cc, line 346
Unable to read VR Path Registry from C:\Users\hgdgf\AppData\Local\openvr\openvrpaths.vrpath
[Child 8200, Chrome_ChildThread] WARNING: pipe error: 109: file z:/build/build/src/ipc/chromium/src/chrome/common/ipc_channel_win.cc, line 346
[Child 8200, Chrome_ChildThread] WARNING: pipe error: 109: file z:/build/build/src/ipc/chromium/src/chrome/common/ipc_channel_win.cc, line 346
[Parent 928, Gecko_IOThread] WARNING: pipe error: 109: file z:/build/build/src/ipc/chromium/src/chrome/common/ipc_channel_win.cc, line 346
Unable to read VR Path Registry from C:\Users\hgdgf\AppData\Local\openvr\openvrpaths.vrpath
[Child 9560, Chrome_ChildThread] WARNING: pipe error: 109: file z:/build/build/src/ipc/chromium/src/chrome/common/ipc_channel_win.cc, line 346
Unable to read VR Path Registry from C:\Users\hgdgf\AppData\Local\openvr\openvrpaths.vrpath
[Child 5248, Chrome_ChildThread] WARNING: pipe error: 109: file z:/build/build/src/ipc/chromium/src/chrome/common/ipc_channel_win.cc, line 346
[Child 5248, Chrome_ChildThread] WARNING: pipe error: 109: file z:/build/build/src/ipc/chromium/src/chrome/common/ipc_channel_win.cc, line 346
*** UTM:SVC TimerManager:registerTimer called after profile-before-change notification. Ignoring timer registration for id: telemetry_modules_ping

KLIB_SelfTest return : KLR_OK
1536672428915	geckodriver	INFO	geckodriver 0.21.0
1536672429124	geckodriver	INFO	Listening on 127.0.0.1:51446
1536672432068	mozrunner::runner	INFO	Running command: "C:\\Program Files (x86)\\Mozilla Firefox\\firefox.exe" "-marionette" "-foreground" "-no-remote" "-profile" "C:\\Users\\hgdgf\\AppData\\Local\\Temp\\rust_mozprofile.qsk7MmcaSpP8"
1536672438179	Marionette	INFO	Listening on port 51456
1536672438392	Marionette	WARN	TLS certificate errors will be ignored for this session
Unable to read VR Path Registry from C:\Users\hgdgf\AppData\Local\openvr\openvrpaths.vrpath
[Parent 5740, Gecko_IOThread] WARNING: pipe error: 109: file z:/build/build/src/ipc/chromium/src/chrome/common/ipc_channel_win.cc, line 346
Unable to read VR Path Registry from C:\Users\hgdgf\AppData\Local\openvr\openvrpaths.vrpath
[Child 8644, Chrome_ChildThread] WARNING: pipe error: 109: file z:/build/build/src/ipc/chromium/src/chrome/common/ipc_channel_win.cc, line 346
[Child 8644, Chrome_ChildThread] WARNING: pipe error: 109: file z:/build/build/src/ipc/chromium/src/chrome/common/ipc_channel_win.cc, line 346
Unable to read VR Path Registry from C:\Users\hgdgf\AppData\Local\openvr\openvrpaths.vrpath
[Child 456, Chrome_ChildThread] WARNING: pipe error: 109: file z:/build/build/src/ipc/chromium/src/chrome/common/ipc_channel_win.cc, line 346
Unable to read VR Path Registry from C:\Users\hgdgf\AppData\Local\openvr\openvrpaths.vrpath
[Child 9880, Chrome_ChildThread] WARNING: pipe error: 109: file z:/build/build/src/ipc/chromium/src/chrome/common/ipc_channel_win.cc, line 346
[Child 9880, Chrome_ChildThread] WARNING: pipe error: 109: file z:/build/build/src/ipc/chromium/src/chrome/common/ipc_channel_win.cc, line 346
*** UTM:SVC TimerManager:registerTimer called after profile-before-change notification. Ignoring timer registration for id: telemetry_modules_ping
Unable to read VR Path Registry from C:\Users\hgdgf\AppData\Local\openvr\openvrpaths.vrpath
[GPU 9552, Chrome_ChildThread] WARNING: pipe error: 109: file z:/build/build/src/ipc/chromium/src/chrome/common/ipc_channel_win.cc, line 346

KLIB_SelfTest return : KLR_OK
1536673505873	geckodriver	INFO	geckodriver 0.21.0
1536673506014	geckodriver	INFO	Listening on 127.0.0.1:51917
1536673508910	mozrunner::runner	INFO	Running command: "C:\\Program Files (x86)\\Mozilla Firefox\\firefox.exe" "-marionette" "-foreground" "-no-remote" "-profile" "C:\\Users\\hgdgf\\AppData\\Local\\Temp\\rust_mozprofile.3gHsN3KssxT4"
1536673511763	Marionette	INFO	Listening on port 51926
1536673511807	Marionette	WARN	TLS certificate errors will be ignored for this session
Unable to read VR Path Registry from C:\Users\hgdgf\AppData\Local\openvr\openvrpaths.vrpath
[Parent 9388, Gecko_IOThread] WARNING: pipe error: 109: file z:/build/build/src/ipc/chromium/src/chrome/common/ipc_channel_win.cc, line 346
Unable to read VR Path Registry from C:\Users\hgdgf\AppData\Local\openvr\openvrpaths.vrpath
[Child 8664, Chrome_ChildThread] WARNING: pipe error: 109: file z:/build/build/src/ipc/chromium/src/chrome/common/ipc_channel_win.cc, line 346
[Child 8664, Chrome_ChildThread] WARNING: pipe error: 109: file z:/build/build/src/ipc/chromium/src/chrome/common/ipc_channel_win.cc, line 346
Unable to read VR Path Registry from C:\Users\hgdgf\AppData\Local\openvr\openvrpaths.vrpath
[Child 8208, Chrome_ChildThread] WARNING: pipe error: 109: file z:/build/build/src/ipc/chromium/src/chrome/common/ipc_channel_win.cc, line 346
[Child 8208, Chrome_ChildThread] WARNING: pipe error: 109: file z:/build/build/src/ipc/chromium/src/chrome/common/ipc_channel_win.cc, line 346
[Parent 9388, Gecko_IOThread] WARNING: pipe error: 109: file z:/build/build/src/ipc/chromium/src/chrome/common/ipc_channel_win.cc, line 346

KLIB_SelfTest return : KLR_OK
hrome/common/ipc_channel_win.cc, line 346
[Parent 5172, Gecko_IOThread] WARNING: file z:/build/build/src/ipc/chromium/src/base/process_util_win.cc, line 188
Unable to read VR Path Registry from C:\Users\hgdgf\AppData\Local\openvr\openvrpaths.vrpath
[GPU 9372, Chrome_ChildThread] WARNING: pipe error: 109: file z:/build/build/src/ipc/chromium/src/chrome/common/ipc_channel_win.cc, line 346

###!!! [Child][MessageChannel::SendAndWait] Error: (msgtype=0x4B0004,name=PImageBridge::Msg_WillClose) Channel error: cannot send/recv


KLIB_SelfTest return : KLR_OK
ile z:/build/build/src/ipc/chromium/src/chrome/common/ipc_channel_win.cc, line 346
[Parent 7252, Gecko_IOThread] WARNING: file z:/build/build/src/ipc/chromium/src/base/process_util_win.cc, line 188
[Parent 7252, Gecko_IOThread] WARNING: pipe error: 109: file z:/build/build/src/ipc/chromium/src/chrome/common/ipc_channel_win.cc, line 346
Unable to read VR Path Registry from C:\Users\hgdgf\AppData\Local\openvr\openvrpaths.vrpath
[Child 10480, Chrome_ChildThread] WARNING: pipe error: 109: file z:/build/build/src/ipc/chromium/src/chrome/common/ipc_channel_win.cc, line 346
[Child 10480, Chrome_ChildThread] WARNING: pipe error: 109: file z:/build/build/src/ipc/chromium/src/chrome/common/ipc_channel_win.cc, line 346
[Parent 7252, Gecko_IOThread] WARNING: file z:/build/build/src/ipc/chromium/src/base/process_util_win.cc, line 188
*** UTM:SVC TimerManager:registerTimer called after profile-before-change notification. Ignoring timer registration for id: telemetry_modules_ping
Unable to read VR Path Registry from C:\Users\hgdgf\AppData\Local\openvr\openvrpaths.vrpath
[GPU 10312, Chrome_ChildThread] WARNING: pipe error: 109: file z:/build/build/src/ipc/chromium/src/chrome/common/ipc_channel_win.cc, line 346

###!!! [Child][MessageChannel::SendAndWait] Error: Channel error: cannot send/recv


KLIB_SelfTest return : KLR_OK
1536674068859	geckodriver	INFO	geckodriver 0.21.0
1536674068995	geckodriver	INFO	Listening on 127.0.0.1:52359
1536674071916	mozrunner::runner	INFO	Running command: "C:\\Program Files (x86)\\Mozilla Firefox\\firefox.exe" "-marionette" "-foreground" "-no-remote" "-profile" "C:\\Users\\hgdgf\\AppData\\Local\\Temp\\rust_mozprofile.Dp1cO7OyOrja"
1536674074767	Marionette	INFO	Listening on port 52368
1536674075157	Marionette	WARN	TLS certificate errors will be ignored for this session
Unable to read VR Path Registry from C:\Users\hgdgf\AppData\Local\openvr\openvrpaths.vrpath
[Parent 11184, Gecko_IOThread] WARNING: pipe error: 109: file z:/build/build/src/ipc/chromium/src/chrome/common/ipc_channel_win.cc, line 346
Unable to read VR Path Registry from C:\Users\hgdgf\AppData\Local\openvr\openvrpaths.vrpath
[Child 10364, Chrome_ChildThread] WARNING: pipe error: 109: file z:/build/build/src/ipc/chromium/src/chrome/common/ipc_channel_win.cc, line 346
[Child 10364, Chrome_ChildThread] WARNING: pipe error: 109: file z:/build/build/src/ipc/chromium/src/chrome/common/ipc_channel_win.cc, line 346
Unable to read VR Path Registry from C:\Users\hgdgf\AppData\Local\openvr\openvrpaths.vrpath
[Child 11176, Chrome_ChildThread] WARNING: pipe error: 109: file z:/build/build/src/ipc/chromium/src/chrome/common/ipc_channel_win.cc, line 346
[Child 11176, Chrome_ChildThread] WARNING: pipe error: 109: file z:/build/build/src/ipc/chromium/src/chrome/common/ipc_channel_win.cc, line 346
Unable to read VR Path Registry from C:\Users\hgdgf\AppData\Local\openvr\openvrpaths.vrpath
[Child 10828, Chrome_ChildThread] WARNING: pipe error: 109: file z:/build/build/src/ipc/chromium/src/chrome/common/ipc_channel_win.cc, line 346
[Child 10828, Chrome_ChildThread] WARNING: pipe error: 109: file z:/build/build/src/ipc/chromium/src/chrome/common/ipc_channel_win.cc, line 346
[Parent 11184, Gecko_IOThread] WARNING: file z:/build/build/src/ipc/chromium/src/base/process_util_win.cc, line 188
*** UTM:SVC TimerManager:registerTimer called after profile-before-change notification. Ignoring timer registration for id: telemetry_modules_ping
Unable to read VR Path Registry from C:\Users\hgdgf\AppData\Local\openvr\openvrpaths.vrpath
[GPU 10636, Chrome_ChildThread] WARNING: pipe error: 109: file z:/build/build/src/ipc/chromium/src/chrome/common/ipc_channel_win.cc, line 346

KLIB_SelfTest return : KLR_OK
1539528581558	geckodriver	INFO	geckodriver 0.21.0
1539528581781	geckodriver	INFO	Listening on 127.0.0.1:57278
1539528584618	mozrunner::runner	INFO	Running command: "C:\\Program Files (x86)\\Mozilla Firefox\\firefox.exe" "-marionette" "-foreground" "-no-remote" "-profile" "C:\\Users\\hgdgf\\AppData\\Local\\Temp\\rust_mozprofile.iYDV7uMj6ZAa"
JavaScript error: tg2tkygbv3p.cfg, line 2: ReferenceError: Components is not defined
1539528589364	Marionette	INFO	Listening on port 57291
1539528589637	Marionette	WARN	TLS certificate errors will be ignored for this session
1539528589732	Marionette	DEBUG	[6442450945] Frame script loaded
1539528589736	Marionette	DEBUG	[6442450945] Frame script registered
1539528589816	Marionette	DEBUG	[6442450945] Received DOM event beforeunload for about:blank
1539528590074	Marionette	DEBUG	[6442450945] Received DOM event pagehide for about:blank
1539528590677	Marionette	DEBUG	[6442450945] Received DOM event DOMContentLoaded for https://movie.naver.com/
1539528590930	Marionette	DEBUG	[6442450945] Received DOM event pageshow for https://movie.naver.com/
1539528591311	Marionette	DEBUG	[6442450945] Received DOM event beforeunload for https://movie.naver.com/
1539528591438	Marionette	DEBUG	[6442450945] Received DOM event pagehide for https://movie.naver.com/
1539528591439	Marionette	DEBUG	[6442450945] Received DOM event unload for https://movie.naver.com/
1539528591602	Marionette	DEBUG	[6442450945] Received observer notification outer-window-destroyed for 6442450949
1539528591602	Marionette	DEBUG	[6442450945] Received observer notification outer-window-destroyed for 6442450950
1539528591603	Marionette	DEBUG	[6442450945] Received observer notification outer-window-destroyed for 6442450951
1539528591603	Marionette	DEBUG	[6442450945] Received observer notification outer-window-destroyed for 6442450952
1539528591801	Marionette	DEBUG	[6442450945] Received DOM event DOMContentLoaded for https://movie.naver.com/movie/search/result.nhn?query=%EB%B3%B4%ED%86%B5%EC%82%AC%EB%9E%8C&section=all&ie=utf8
1539528591875	Marionette	DEBUG	[6442450945] Received DOM event pageshow for https://movie.naver.com/movie/search/result.nhn?query=%EB%B3%B4%ED%86%B5%EC%82%AC%EB%9E%8C&section=all&ie=utf8
1539528592250	Marionette	DEBUG	[6442450945] Received DOM event beforeunload for https://movie.naver.com/movie/search/result.nhn?query=%EB%B3%B4%ED%86%B5%EC%82%AC%EB%9E%8C&section=all&ie=utf8
1539528592350	Marionette	DEBUG	[6442450945] Received DOM event pagehide for https://movie.naver.com/movie/search/result.nhn?query=%EB%B3%B4%ED%86%B5%EC%82%AC%EB%9E%8C&section=all&ie=utf8
1539528592353	Marionette	DEBUG	[6442450945] Received DOM event unload for https://movie.naver.com/movie/search/result.nhn?query=%EB%B3%B4%ED%86%B5%EC%82%AC%EB%9E%8C&section=all&ie=utf8
1539528592816	Marionette	DEBUG	[6442450945] Received DOM event DOMContentLoaded for https://movie.naver.com/movie/bi/mi/basic.nhn?code=152331
1539528592923	Marionette	DEBUG	[6442450945] Received observer notification outer-window-destroyed for 6442450958
1539528592923	Marionette	DEBUG	[6442450945] Received observer notification outer-window-destroyed for 6442450959
1539528592924	Marionette	DEBUG	[6442450945] Received observer notification outer-window-destroyed for 6442450960
1539528592924	Marionette	DEBUG	[6442450945] Received observer notification outer-window-destroyed for 6442450961
1539528593105	Marionette	DEBUG	[6442450945] Received DOM event pageshow for https://movie.naver.com/movie/bi/mi/basic.nhn?code=152331
[Parent 9132, Gecko_IOThread] WARNING: pipe error: 109: file z:/build/build/src/ipc/chromium/src/chrome/common/ipc_channel_win.cc, line 346
[Child 8244, Chrome_ChildThread] WARNING: pipe error: 109: file z:/build/build/src/ipc/chromium/src/chrome/common/ipc_channel_win.cc, line 346
[Child 1308, Chrome_ChildThread] WARNING: pipe error: 109: file z:/build/build/src/ipc/chromium/src/chrome/common/ipc_channel_win.cc, line 346
[Child 1308, Chrome_ChildThread] WARNING: pipe error: 109: file z:/build/build/src/ipc/chromium/src/chrome/common/ipc_channel_win.cc, line 346
[Parent 9132, Gecko_IOThread] WARNING: pipe error: 109: file z:/build/build/src/ipc/chromium/src/chrome/common/ipc_channel_win.cc, line 346
[Child 8424, Chrome_ChildThread] WARNING: pipe error: 109: file z:/build/build/src/ipc/chromium/src/chrome/common/ipc_channel_win.cc, line 346
[Child 8424, Chrome_ChildThread] WARNING: pipe error: 109: file z:/build/build/src/ipc/chromium/src/chrome/common/ipc_channel_win.cc, line 346
[Parent 9132, Gecko_IOThread] WARNING: file z:/build/build/src/ipc/chromium/src/base/process_util_win.cc, line 188
1539529266814	Marionette	INFO	Stopped listening on port 57291
[GPU 4692, Chrome_ChildThread] WARNING: pipe error: 109: file z:/build/build/src/ipc/chromium/src/chrome/common/ipc_channel_win.cc, line 346

###!!! [Child][MessageChannel::SendAndWait] Error: Channel error: cannot send/recv


KLIB_SelfTest return : KLR_OK
1540131064164	geckodriver	INFO	geckodriver 0.21.0
1540131064359	geckodriver	INFO	Listening on 127.0.0.1:52831
1540131067192	mozrunner::runner	INFO	Running command: "C:\\Program Files (x86)\\Mozilla Firefox\\firefox.exe" "-marionette" "-foreground" "-no-remote" "-profile" "C:\\Users\\hgdgf\\AppData\\Local\\Temp\\rust_mozprofile.xXnXR0D49DUE"
JavaScript error: tg2tkygbv3p.cfg, line 2: ReferenceError: Components is not defined
1540131070947	Marionette	INFO	Listening on port 52848
1540131071042	Marionette	WARN	TLS certificate errors will be ignored for this session
1540131071102	Marionette	DEBUG	[6442450945] Frame script loaded
1540131071112	Marionette	DEBUG	[6442450945] Frame script registered
1540131071177	Marionette	DEBUG	[6442450945] Received DOM event beforeunload for about:blank
1540131071416	Marionette	DEBUG	[6442450945] Received DOM event pagehide for about:blank
1540131072023	Marionette	DEBUG	[6442450945] Received DOM event DOMContentLoaded for https://movie.naver.com/
1540131072300	Marionette	DEBUG	[6442450945] Received DOM event pageshow for https://movie.naver.com/
1540131072612	Marionette	DEBUG	[6442450945] Received DOM event beforeunload for https://movie.naver.com/
1540131072760	Marionette	DEBUG	[6442450945] Received DOM event pagehide for https://movie.naver.com/
1540131072761	Marionette	DEBUG	[6442450945] Received DOM event unload for https://movie.naver.com/
1540131073138	Marionette	DEBUG	[6442450945] Received observer notification outer-window-destroyed for 6442450949
1540131073139	Marionette	DEBUG	[6442450945] Received observer notification outer-window-destroyed for 6442450950
1540131073140	Marionette	DEBUG	[6442450945] Received observer notification outer-window-destroyed for 6442450951
1540131073140	Marionette	DEBUG	[6442450945] Received observer notification outer-window-destroyed for 6442450952
1540131073182	Marionette	DEBUG	[6442450945] Received DOM event DOMContentLoaded for https://movie.naver.com/movie/search/result.nhn?query=%EB%B3%B4%ED%86%B5%EC%82%AC%EB%9E%8C&section=all&ie=utf8
1540131073243	Marionette	DEBUG	[6442450945] Received DOM event pageshow for https://movie.naver.com/movie/search/result.nhn?query=%EB%B3%B4%ED%86%B5%EC%82%AC%EB%9E%8C&section=all&ie=utf8
1540131073638	Marionette	DEBUG	[6442450945] Received DOM event beforeunload for https://movie.naver.com/movie/search/result.nhn?query=%EB%B3%B4%ED%86%B5%EC%82%AC%EB%9E%8C&section=all&ie=utf8
1540131073745	Marionette	DEBUG	[6442450945] Received DOM event pagehide for https://movie.naver.com/movie/search/result.nhn?query=%EB%B3%B4%ED%86%B5%EC%82%AC%EB%9E%8C&section=all&ie=utf8
1540131073748	Marionette	DEBUG	[6442450945] Received DOM event unload for https://movie.naver.com/movie/search/result.nhn?query=%EB%B3%B4%ED%86%B5%EC%82%AC%EB%9E%8C&section=all&ie=utf8
1540131074260	Marionette	DEBUG	[6442450945] Received DOM event DOMContentLoaded for https://movie.naver.com/movie/bi/mi/basic.nhn?code=152331
1540131074380	Marionette	DEBUG	[6442450945] Received observer notification outer-window-destroyed for 6442450958
1540131074380	Marionette	DEBUG	[6442450945] Received observer notification outer-window-destroyed for 6442450959
1540131074381	Marionette	DEBUG	[6442450945] Received observer notification outer-window-destroyed for 6442450960
1540131074381	Marionette	DEBUG	[6442450945] Received observer notification outer-window-destroyed for 6442450961
1540131074558	Marionette	DEBUG	[6442450945] Received DOM event pageshow for https://movie.naver.com/movie/bi/mi/basic.nhn?code=152331
[Parent 9904, Gecko_IOThread] WARNING: pipe error: 109: file z:/build/build/src/ipc/chromium/src/chrome/common/ipc_channel_win.cc, line 346
[Parent 9904, Gecko_IOThread] WARNING: pipe error: 109: file z:/build/build/src/ipc/chromium/src/chrome/common/ipc_channel_win.cc, line 346
[Child 9324, Chrome_ChildThread] WARNING: pipe error: 109: file z:/build/build/src/ipc/chromium/src/chrome/common/ipc_channel_win.cc, line 346
[Child 8732, Chrome_ChildThread] WARNING: pipe error: 109: file z:/build/build/src/ipc/chromium/src/chrome/common/ipc_channel_win.cc, line 346
[Child 8732, Chrome_ChildThread] WARNING: pipe error: 109: file z:/build/build/src/ipc/chromium/src/chrome/common/ipc_channel_win.cc, line 346
1540131079870	Marionette	INFO	Stopped listening on port 52848
[GPU 9392, Chrome_ChildThread] WARNING: pipe error: 109: file z:/build/build/src/ipc/chromium/src/chrome/common/ipc_channel_win.cc, line 346

KLIB_SelfTest return : KLR_OK
1540131104948	geckodriver	INFO	geckodriver 0.21.0
1540131105108	geckodriver	INFO	Listening on 127.0.0.1:52983
1540131108067	mozrunner::runner	INFO	Running command: "C:\\Program Files (x86)\\Mozilla Firefox\\firefox.exe" "-marionette" "-foreground" "-no-remote" "-profile" "C:\\Users\\hgdgf\\AppData\\Local\\Temp\\rust_mozprofile.Ru1d9oIfepSd"
JavaScript error: tg2tkygbv3p.cfg, line 2: ReferenceError: Components is not defined
1540131111129	Marionette	INFO	Listening on port 52997
1540131111472	Marionette	WARN	TLS certificate errors will be ignored for this session
1540131111517	Marionette	DEBUG	[6442450945] Frame script loaded
1540131111518	Marionette	DEBUG	[6442450945] Frame script registered
1540131111551	Marionette	DEBUG	[6442450945] Received DOM event beforeunload for about:blank
1540131112035	Marionette	DEBUG	[6442450945] Received DOM event pagehide for about:blank
1540131112174	Marionette	DEBUG	[6442450945] Received DOM event DOMContentLoaded for https://www.google.co.kr/
1540131113229	Marionette	DEBUG	[6442450945] Received DOM event pageshow for https://www.google.co.kr/
1540131113251	Marionette	DEBUG	[6442450945] Received DOM event beforeunload for https://www.google.co.kr/
1540131113786	Marionette	DEBUG	[6442450945] Received DOM event pagehide for https://www.google.co.kr/
1540131113790	Marionette	DEBUG	[6442450945] Received DOM event unload for https://www.google.co.kr/
1540131113898	Marionette	DEBUG	[6442450945] Received DOM event DOMContentLoaded for https://www.google.com/?gws_rd=ssl
1540131114307	Marionette	DEBUG	[6442450945] Received DOM event pageshow for https://www.google.com/?gws_rd=ssl
1540131124892	Marionette	DEBUG	[6442450945] Received DOM event beforeunload for https://www.google.com/search?source=hp&ei=KonMW9rUMIOV8wX5hY7oDg&q=www.ngle.co.kr&oq=&gs_l=
1540131125337	Marionette	DEBUG	[6442450945] Received DOM event pagehide for https://www.google.com/search?source=hp&ei=KonMW9rUMIOV8wX5hY7oDg&q=www.ngle.co.kr&oq=&gs_l=
1540131125340	Marionette	DEBUG	[6442450945] Received DOM event unload for https://www.google.com/search?source=hp&ei=KonMW9rUMIOV8wX5hY7oDg&q=www.ngle.co.kr&oq=&gs_l=
1540131126116	Marionette	DEBUG	[6442450945] Received observer notification outer-window-destroyed for 6442450951
1540131127047	Marionette	DEBUG	[6442450945] Received DOM event DOMContentLoaded for http://www.ngle.co.kr/
1540131127371	Marionette	DEBUG	[6442450945] Received DOM event pageshow for http://www.ngle.co.kr/
1540131132379	Marionette	INFO	Stopped listening on port 52997
[Parent 12108, Gecko_IOThread] WARNING: pipe error: 109: file z:/build/build/src/ipc/chromium/src/chrome/common/ipc_channel_win.cc, line 346
[Child 11756, Chrome_ChildThread] WARNING: pipe error: 109: file z:/build/build/src/ipc/chromium/src/chrome/common/ipc_channel_win.cc, line 346
[Child 11044, Chrome_ChildThread] WARNING: pipe error: 109: file z:/build/build/src/ipc/chromium/src/chrome/common/ipc_channel_win.cc, line 346
[Child 11756, Chrome_ChildThread] WARNING: pipe error: 109: file z:/build/build/src/ipc/chromium/src/chrome/common/ipc_channel_win.cc, line 346
[Child 11044, Chrome_ChildThread] WARNING: pipe error: 109: file z:/build/build/src/ipc/chromium/src/chrome/common/ipc_channel_win.cc, line 346
[Parent 12108, Gecko_IOThread] WARNING: pipe error: 109: file z:/build/build/src/ipc/chromium/src/chrome/common/ipc_channel_win.cc, line 346
[Child 9456, Chrome_ChildThread] WARNING: pipe error: 109: file z:/build/build/src/ipc/chromium/src/chrome/common/ipc_channel_win.cc, line 346
[Child 9456, Chrome_ChildThread] WARNING: pipe error: 109: file z:/build/build/src/ipc/chromium/src/chrome/common/ipc_channel_win.cc, line 346

###!!! [Child][MessageChannel::SendAndWait] Error: Channel error: cannot send/recv


KLIB_SelfTest return : KLR_OK
